<?xml version="1.0" encoding="UTF-8"?>
<!-- Generated by org.testng.reporters.JUnitXMLReporter -->
<testsuite hostname="EYAGUNKOVA" name="Default test" tests="5" failures="0" timestamp="12 Oct 2014 20:00:10 GMT" time="23.63" errors="0">
  <testcase name="testEmptyGroupCreation" time="2.308" classname="com.example.tests.AlsoGroupCreation1"/>
  <testcase name="testNonEmptyGroupCreation" time="2.917" classname="com.example.tests.AlsoGroupCreation1"/>
  <testcase name="testContactCreation" time="5.192" classname="com.example.tests.ContactCreation"/>
  <testcase name="testEmptyGroupCreation" time="2.014" classname="com.example.tests.GroupCreation1"/>
  <testcase name="testNonEmptyGroupCreation" time="2.603" classname="com.example.tests.GroupCreation1"/>
</testsuite> <!-- Default test -->
