<?xml version="1.0" encoding="UTF-8"?>
<testng-results skipped="0" failed="0" total="1" passed="1">
  <reporter-output>
  </reporter-output>
  <suite name="Default suite" duration-ms="13264" started-at="2014-10-22T13:32:47Z" finished-at="2014-10-22T13:33:01Z">
    <groups>
    </groups>
    <test name="Default test" duration-ms="13264" started-at="2014-10-22T13:32:47Z" finished-at="2014-10-22T13:33:01Z">
      <class name="com.example.tests.ContactModificationTests">
        <test-method status="PASS" signature="setUp()[pri:0, instance:com.example.tests.ContactModificationTests@5a42bbf4]" name="setUp" is-config="true" duration-ms="7928" started-at="2014-10-22T17:32:47Z" finished-at="2014-10-22T17:32:55Z">
          <reporter-output>
          </reporter-output>
        </test-method> <!-- setUp -->
        <test-method status="PASS" signature="modifySomeContact()[pri:0, instance:com.example.tests.ContactModificationTests@5a42bbf4]" name="modifySomeContact" duration-ms="4992" started-at="2014-10-22T17:32:55Z" finished-at="2014-10-22T17:33:00Z">
          <reporter-output>
          </reporter-output>
        </test-method> <!-- modifySomeContact -->
        <test-method status="PASS" signature="tearDown()[pri:0, instance:com.example.tests.ContactModificationTests@5a42bbf4]" name="tearDown" is-config="true" duration-ms="320" started-at="2014-10-22T17:33:00Z" finished-at="2014-10-22T17:33:01Z">
          <reporter-output>
          </reporter-output>
        </test-method> <!-- tearDown -->
      </class> <!-- com.example.tests.ContactModificationTests -->
    </test> <!-- Default test -->
  </suite> <!-- Default suite -->
</testng-results>
