<?xml version="1.0" encoding="UTF-8"?>
<testng-results skipped="0" failed="0" total="5" passed="5">
  <reporter-output>
  </reporter-output>
  <suite name="Default suite" duration-ms="23630" started-at="2014-10-12T19:59:47Z" finished-at="2014-10-12T20:00:10Z">
    <groups>
    </groups>
    <test name="Default test" duration-ms="23630" started-at="2014-10-12T19:59:47Z" finished-at="2014-10-12T20:00:10Z">
      <class name="com.example.tests.ContactCreation">
        <test-method status="PASS" signature="testContactCreation()[pri:0, instance:com.example.tests.ContactCreation@64c64813]" name="testContactCreation" duration-ms="5192" started-at="2014-10-13T00:00:00Z" finished-at="2014-10-13T00:00:05Z">
          <reporter-output>
          </reporter-output>
        </test-method> <!-- testContactCreation -->
      </class> <!-- com.example.tests.ContactCreation -->
      <class name="com.example.tests.AlsoGroupCreation1">
        <test-method status="PASS" signature="setUp()[pri:0, instance:com.example.tests.AlsoGroupCreation1@22a71081]" name="setUp" is-config="true" duration-ms="8187" started-at="2014-10-12T23:59:47Z" finished-at="2014-10-12T23:59:55Z">
          <reporter-output>
          </reporter-output>
        </test-method> <!-- setUp -->
        <test-method status="PASS" signature="testEmptyGroupCreation()[pri:0, instance:com.example.tests.AlsoGroupCreation1@22a71081]" name="testEmptyGroupCreation" duration-ms="2308" started-at="2014-10-12T23:59:55Z" finished-at="2014-10-12T23:59:57Z">
          <reporter-output>
          </reporter-output>
        </test-method> <!-- testEmptyGroupCreation -->
        <test-method status="PASS" signature="testNonEmptyGroupCreation()[pri:0, instance:com.example.tests.AlsoGroupCreation1@22a71081]" name="testNonEmptyGroupCreation" duration-ms="2917" started-at="2014-10-12T23:59:57Z" finished-at="2014-10-13T00:00:00Z">
          <reporter-output>
          </reporter-output>
        </test-method> <!-- testNonEmptyGroupCreation -->
        <test-method status="PASS" signature="tearDown()[pri:0, instance:com.example.tests.AlsoGroupCreation1@22a71081]" name="tearDown" is-config="true" duration-ms="374" started-at="2014-10-13T00:00:10Z" finished-at="2014-10-13T00:00:10Z">
          <reporter-output>
          </reporter-output>
        </test-method> <!-- tearDown -->
      </class> <!-- com.example.tests.AlsoGroupCreation1 -->
      <class name="com.example.tests.GroupCreation1">
        <test-method status="PASS" signature="testEmptyGroupCreation()[pri:0, instance:com.example.tests.GroupCreation1@3ecf72fd]" name="testEmptyGroupCreation" duration-ms="2014" started-at="2014-10-13T00:00:05Z" finished-at="2014-10-13T00:00:07Z">
          <reporter-output>
          </reporter-output>
        </test-method> <!-- testEmptyGroupCreation -->
        <test-method status="PASS" signature="testNonEmptyGroupCreation()[pri:0, instance:com.example.tests.GroupCreation1@3ecf72fd]" name="testNonEmptyGroupCreation" duration-ms="2603" started-at="2014-10-13T00:00:07Z" finished-at="2014-10-13T00:00:10Z">
          <reporter-output>
          </reporter-output>
        </test-method> <!-- testNonEmptyGroupCreation -->
      </class> <!-- com.example.tests.GroupCreation1 -->
    </test> <!-- Default test -->
  </suite> <!-- Default suite -->
</testng-results>
